<?xml version="1.0" encoding="UTF-8"?>
<!-- Generated by org.testng.reporters.JUnitXMLReporter -->
<testsuite hostname="Distilleds-iMac.local" name="order1" tests="1" failures="1" timestamp="22 Jun 2016 10:18:25 GMT" time="16.267" errors="0">
  <testcase name="forSaleSearchRandomNumBedrooms" time="13.942" classname="com.firsTime.app.forSaleSearch">
    <failure type="java.lang.AssertionError" message="expected [true] but found [false]">
      <![CDATA[java.lang.AssertionError: expected [true] but found [false]
	at com.firsTime.app.forSaleSearch.forSaleSearchRandomNumBedrooms(forSaleSearch.java:99)
... Removed 29 stack frames]]>
    </failure>
  </testcase> <!-- forSaleSearchRandomNumBedrooms -->
</testsuite> <!-- order1 -->
