<?xml version="1.0" encoding="UTF-8"?>
<!-- Generated by org.testng.reporters.JUnitXMLReporter -->
<testsuite hostname="Distilleds-iMac.local" name="order" tests="3" failures="2" timestamp="22 Jun 2016 13:45:24 GMT" time="31.451" errors="0">
  <testcase name="loginLogout" time="26.424" classname="com.firsTime.app.AndroidSecond"/>
  <testcase name="loginLogout" time="0.002" classname="com.firsTime.app.forSaleSearch">
    <failure type="java.lang.NullPointerException">
      <![CDATA[java.lang.NullPointerException
	at com.firsTime.app.AndroidSecond.loginLogout(AndroidSecond.java:46)
... Removed 25 stack frames]]>
    </failure>
  </testcase> <!-- loginLogout -->
  <testcase name="forSaleSearchRandomNumBedrooms" time="5.003" classname="com.firsTime.app.forSaleSearch">
    <failure type="java.lang.NullPointerException">
      <![CDATA[java.lang.NullPointerException
	at com.firsTime.app.forSaleSearch.forSaleSearchRandomNumBedrooms(forSaleSearch.java:18)
... Removed 25 stack frames]]>
    </failure>
  </testcase> <!-- forSaleSearchRandomNumBedrooms -->
</testsuite> <!-- order -->
