<?xml version="1.0" encoding="UTF-8"?>
<!-- Generated by org.testng.reporters.JUnitXMLReporter -->
<testsuite hostname="Distilleds-iMac.local" name="Test" tests="1" failures="0" timestamp="15 Jun 2016 08:59:05 GMT" time="0.039" errors="0">
  <testcase name="@BeforeTest setupCapabilities" time="0.0" classname="com.firsTime.app.AndroidTest">
    <failure type="org.testng.TestNGException" message="
Parameter &amp;apos;Device_ID&amp;apos; is required by @Configuration on method setupCapabilities but has not been marked @Optional or defined
in /Users/james/Maven/my-app/testng.xml">
      <![CDATA[org.testng.TestNGException: 
Parameter 'Device_ID' is required by @Configuration on method setupCapabilities but has not been marked @Optional or defined
in /Users/james/Maven/my-app/testng.xml
... Removed 20 stack frames]]>
    </failure>
  </testcase> <!-- @BeforeTest setupCapabilities -->
  <testcase name="@AfterMethod tearDown" time="0.0" classname="com.firsTime.app.AndroidTest">
    <skipped/>
  </testcase> <!-- @AfterMethod tearDown -->
  <testcase name="@AfterTest tearDown" time="0.0" classname="com.firsTime.app.AndroidTest">
    <skipped/>
  </testcase> <!-- @AfterTest tearDown -->
  <testcase name="Whatsapp" time="0.004" classname="com.firsTime.app.AndroidTest">
    <skipped/>
  </testcase> <!-- Whatsapp -->
</testsuite> <!-- Test -->
